Build started 22/06/2014 20:15:11.
     1>Project "C:\Users\Mallaboro\documents\visual studio 2010\Projects\The Road\The Road\The Road.vcxproj" on node 2 (build target(s)).
     1>InitializeBuildStatus:
         Creating "Debug\The Road.unsuccessfulbuild" because "AlwaysCreate" was specified.
       ClCompile:
         C:\Program Files (x86)\Microsoft Visual Studio 10.0\VC\bin\CL.exe /c /ZI /nologo /W3 /WX- /Od /Oy- /D WIN32 /D _DEBUG /D _WINDOWS /D _MBCS /Gm /EHsc /RTC1 /MDd /GS /fp:precise /Zc:wchar_t /Zc:forScope /Fo"Debug\\" /Fd"Debug\vc100.pdb" /Gd /TP /analyze- /errorReport:prompt ScreenManager.cpp Window.cpp main.cpp
         ScreenManager.cpp
         Generating Code...
         Compiling...
         main.cpp
         Window.cpp
         Generating Code...
       ManifestResourceCompile:
         All outputs are up-to-date.
       Link:
         C:\Program Files (x86)\Microsoft Visual Studio 10.0\VC\bin\link.exe /ERRORREPORT:PROMPT /OUT:"C:\Users\Mallaboro\documents\visual studio 2010\Projects\The Road\Debug\The Road.exe" /INCREMENTAL /NOLOGO xinput.lib kernel32.lib user32.lib gdi32.lib winspool.lib comdlg32.lib advapi32.lib shell32.lib ole32.lib oleaut32.lib uuid.lib odbc32.lib odbccp32.lib /MANIFEST /ManifestFile:"Debug\The Road.exe.intermediate.manifest" /MANIFESTUAC:"level='asInvoker' uiAccess='false'" /DEBUG /PDB:"C:\Users\Mallaboro\documents\visual studio 2010\Projects\The Road\Debug\The Road.pdb" /SUBSYSTEM:WINDOWS /TLBID:1 /DYNAMICBASE /NXCOMPAT /IMPLIB:"C:\Users\Mallaboro\documents\visual studio 2010\Projects\The Road\Debug\The Road.lib" /MACHINE:X86 "Debug\The Road.exe.embed.manifest.res"
         Debug\Button.obj
         Debug\Camera.obj
         Debug\directX.obj
         Debug\Font.obj
         Debug\GameTime.obj
         Debug\Input.obj
         Debug\main.obj
         Debug\MainMenu.obj
         Debug\ScreenManager.obj
         Debug\Settings.obj
         Debug\SoundEngine.obj
         Debug\SourceRectangle.obj
         Debug\Texture2D.obj
         Debug\TextureShader.obj
         Debug\VertexBuffer2D.obj
         Debug\VGameScreen.obj
         Debug\Window.obj
       Manifest:
         C:\Program Files (x86)\Microsoft SDKs\Windows\v7.0A\bin\mt.exe /nologo /verbose /out:"Debug\The Road.exe.embed.manifest" /manifest "Debug\The Road.exe.intermediate.manifest"
         All outputs are up-to-date.
       LinkEmbedManifest:
         All outputs are up-to-date.
         The Road.vcxproj -> C:\Users\Mallaboro\documents\visual studio 2010\Projects\The Road\Debug\The Road.exe
       FinalizeBuildStatus:
         Deleting file "Debug\The Road.unsuccessfulbuild".
         Touching "Debug\The Road.lastbuildstate".
     1>Done Building Project "C:\Users\Mallaboro\documents\visual studio 2010\Projects\The Road\The Road\The Road.vcxproj" (build target(s)).

Build succeeded.

Time Elapsed 00:00:04.73
