C:\USERS\MALLABORO\DOCUMENTS\VISUAL STUDIO 2010\PROJECTS\THE ROAD\DEBUG\THE ROAD.EXE
C:\USERS\MALLABORO\DOCUMENTS\VISUAL STUDIO 2010\PROJECTS\THE ROAD\DEBUG\THE ROAD.ILK
C:\USERS\MALLABORO\DOCUMENTS\VISUAL STUDIO 2010\PROJECTS\THE ROAD\DEBUG\THE ROAD.PDB
C:\USERS\MALLABORO\DOCUMENTS\VISUAL STUDIO 2010\PROJECTS\THE ROAD\THE ROAD\DEBUG\BUTTON.OBJ
C:\USERS\MALLABORO\DOCUMENTS\VISUAL STUDIO 2010\PROJECTS\THE ROAD\THE ROAD\DEBUG\CAMERA.OBJ
C:\Users\Mallaboro\documents\visual studio 2010\Projects\The Road\The Road\Debug\cl.command.1.tlog
C:\Users\Mallaboro\documents\visual studio 2010\Projects\The Road\The Road\Debug\CL.read.1.tlog
C:\Users\Mallaboro\documents\visual studio 2010\Projects\The Road\The Road\Debug\CL.write.1.tlog
C:\USERS\MALLABORO\DOCUMENTS\VISUAL STUDIO 2010\PROJECTS\THE ROAD\THE ROAD\DEBUG\DIRECTX.OBJ
C:\USERS\MALLABORO\DOCUMENTS\VISUAL STUDIO 2010\PROJECTS\THE ROAD\THE ROAD\DEBUG\FONT.OBJ
C:\USERS\MALLABORO\DOCUMENTS\VISUAL STUDIO 2010\PROJECTS\THE ROAD\THE ROAD\DEBUG\GAMETIME.OBJ
C:\USERS\MALLABORO\DOCUMENTS\VISUAL STUDIO 2010\PROJECTS\THE ROAD\THE ROAD\DEBUG\INPUT.OBJ
C:\Users\Mallaboro\documents\visual studio 2010\Projects\The Road\The Road\Debug\link.5980.read.1.tlog
C:\Users\Mallaboro\documents\visual studio 2010\Projects\The Road\The Road\Debug\link.5980.write.1.tlog
C:\Users\Mallaboro\documents\visual studio 2010\Projects\The Road\The Road\Debug\link.5980-cvtres.read.1.tlog
C:\Users\Mallaboro\documents\visual studio 2010\Projects\The Road\The Road\Debug\link.5980-cvtres.write.1.tlog
C:\Users\Mallaboro\documents\visual studio 2010\Projects\The Road\The Road\Debug\link.6868.read.1.tlog
C:\Users\Mallaboro\documents\visual studio 2010\Projects\The Road\The Road\Debug\link.6868.write.1.tlog
C:\Users\Mallaboro\documents\visual studio 2010\Projects\The Road\The Road\Debug\link.6868-cvtres.read.1.tlog
C:\Users\Mallaboro\documents\visual studio 2010\Projects\The Road\The Road\Debug\link.6868-cvtres.write.1.tlog
C:\Users\Mallaboro\documents\visual studio 2010\Projects\The Road\The Road\Debug\link.7968.read.1.tlog
C:\Users\Mallaboro\documents\visual studio 2010\Projects\The Road\The Road\Debug\link.7968.write.1.tlog
C:\Users\Mallaboro\documents\visual studio 2010\Projects\The Road\The Road\Debug\link.7968-cvtres.read.1.tlog
C:\Users\Mallaboro\documents\visual studio 2010\Projects\The Road\The Road\Debug\link.7968-cvtres.write.1.tlog
C:\Users\Mallaboro\documents\visual studio 2010\Projects\The Road\The Road\Debug\link.9256.read.1.tlog
C:\Users\Mallaboro\documents\visual studio 2010\Projects\The Road\The Road\Debug\link.9256.write.1.tlog
C:\Users\Mallaboro\documents\visual studio 2010\Projects\The Road\The Road\Debug\link.9256-cvtres.read.1.tlog
C:\Users\Mallaboro\documents\visual studio 2010\Projects\The Road\The Road\Debug\link.9256-cvtres.write.1.tlog
C:\Users\Mallaboro\documents\visual studio 2010\Projects\The Road\The Road\Debug\link.command.1.tlog
C:\Users\Mallaboro\documents\visual studio 2010\Projects\The Road\The Road\Debug\link.read.1.tlog
C:\Users\Mallaboro\documents\visual studio 2010\Projects\The Road\The Road\Debug\link.write.1.tlog
C:\Users\Mallaboro\documents\visual studio 2010\Projects\The Road\The Road\Debug\link-cvtres.read.1.tlog
C:\Users\Mallaboro\documents\visual studio 2010\Projects\The Road\The Road\Debug\link-cvtres.write.1.tlog
C:\USERS\MALLABORO\DOCUMENTS\VISUAL STUDIO 2010\PROJECTS\THE ROAD\THE ROAD\DEBUG\MAIN.OBJ
C:\USERS\MALLABORO\DOCUMENTS\VISUAL STUDIO 2010\PROJECTS\THE ROAD\THE ROAD\DEBUG\MAINMENU.OBJ
C:\Users\Mallaboro\documents\visual studio 2010\Projects\The Road\The Road\Debug\mt.command.1.tlog
C:\Users\Mallaboro\documents\visual studio 2010\Projects\The Road\The Road\Debug\mt.read.1.tlog
C:\Users\Mallaboro\documents\visual studio 2010\Projects\The Road\The Road\Debug\mt.write.1.tlog
C:\Users\Mallaboro\documents\visual studio 2010\Projects\The Road\The Road\Debug\rc.command.1.tlog
C:\Users\Mallaboro\documents\visual studio 2010\Projects\The Road\The Road\Debug\rc.read.1.tlog
C:\Users\Mallaboro\documents\visual studio 2010\Projects\The Road\The Road\Debug\rc.write.1.tlog
C:\USERS\MALLABORO\DOCUMENTS\VISUAL STUDIO 2010\PROJECTS\THE ROAD\THE ROAD\DEBUG\SCREENMANAGER.OBJ
C:\USERS\MALLABORO\DOCUMENTS\VISUAL STUDIO 2010\PROJECTS\THE ROAD\THE ROAD\DEBUG\SETTINGS.OBJ
C:\USERS\MALLABORO\DOCUMENTS\VISUAL STUDIO 2010\PROJECTS\THE ROAD\THE ROAD\DEBUG\SOUNDENGINE.OBJ
C:\USERS\MALLABORO\DOCUMENTS\VISUAL STUDIO 2010\PROJECTS\THE ROAD\THE ROAD\DEBUG\SOURCERECTANGLE.OBJ
C:\USERS\MALLABORO\DOCUMENTS\VISUAL STUDIO 2010\PROJECTS\THE ROAD\THE ROAD\DEBUG\TEXTURE2D.OBJ
C:\USERS\MALLABORO\DOCUMENTS\VISUAL STUDIO 2010\PROJECTS\THE ROAD\THE ROAD\DEBUG\TEXTURESHADER.OBJ
C:\Users\Mallaboro\documents\visual studio 2010\Projects\The Road\The Road\Debug\The Road.exe.embed.manifest
C:\USERS\MALLABORO\DOCUMENTS\VISUAL STUDIO 2010\PROJECTS\THE ROAD\THE ROAD\DEBUG\THE ROAD.EXE.EMBED.MANIFEST.RES
C:\USERS\MALLABORO\DOCUMENTS\VISUAL STUDIO 2010\PROJECTS\THE ROAD\THE ROAD\DEBUG\THE ROAD.EXE.INTERMEDIATE.MANIFEST
C:\Users\Mallaboro\documents\visual studio 2010\Projects\The Road\The Road\Debug\The Road.vcxprojResolveAssemblyReference.cache
C:\Users\Mallaboro\documents\visual studio 2010\Projects\The Road\The Road\Debug\The Road.write.1.tlog
C:\Users\Mallaboro\documents\visual studio 2010\Projects\The Road\The Road\Debug\The Road_manifest.rc
C:\Users\Mallaboro\documents\visual studio 2010\Projects\The Road\The Road\Debug\vc100.idb
C:\USERS\MALLABORO\DOCUMENTS\VISUAL STUDIO 2010\PROJECTS\THE ROAD\THE ROAD\DEBUG\VC100.PDB
C:\USERS\MALLABORO\DOCUMENTS\VISUAL STUDIO 2010\PROJECTS\THE ROAD\THE ROAD\DEBUG\VERTEXBUFFER2D.OBJ
C:\USERS\MALLABORO\DOCUMENTS\VISUAL STUDIO 2010\PROJECTS\THE ROAD\THE ROAD\DEBUG\VGAMESCREEN.OBJ
C:\USERS\MALLABORO\DOCUMENTS\VISUAL STUDIO 2010\PROJECTS\THE ROAD\THE ROAD\DEBUG\WINDOW.OBJ
C:\USERS\MALLABORO\DROPBOX\THE ROAD\DEBUG\THE ROAD.EXE
C:\USERS\MALLABORO\DROPBOX\THE ROAD\DEBUG\THE ROAD.ILK
C:\USERS\MALLABORO\DROPBOX\THE ROAD\DEBUG\THE ROAD.PDB
C:\USERS\MALLABORO\DROPBOX\THE ROAD\THE ROAD\DEBUG\BUTTON.OBJ
C:\USERS\MALLABORO\DROPBOX\THE ROAD\THE ROAD\DEBUG\CAMERA.OBJ
C:\USERS\MALLABORO\DROPBOX\THE ROAD\THE ROAD\DEBUG\DIRECTX.OBJ
C:\USERS\MALLABORO\DROPBOX\THE ROAD\THE ROAD\DEBUG\FONT.OBJ
C:\USERS\MALLABORO\DROPBOX\THE ROAD\THE ROAD\DEBUG\GAMETIME.OBJ
C:\USERS\MALLABORO\DROPBOX\THE ROAD\THE ROAD\DEBUG\INPUT.OBJ
C:\USERS\MALLABORO\DROPBOX\THE ROAD\THE ROAD\DEBUG\MAIN.OBJ
C:\USERS\MALLABORO\DROPBOX\THE ROAD\THE ROAD\DEBUG\MAINMENU.OBJ
C:\USERS\MALLABORO\DROPBOX\THE ROAD\THE ROAD\DEBUG\SCREENMANAGER.OBJ
C:\USERS\MALLABORO\DROPBOX\THE ROAD\THE ROAD\DEBUG\SETTINGS.OBJ
C:\USERS\MALLABORO\DROPBOX\THE ROAD\THE ROAD\DEBUG\SOUNDENGINE.OBJ
C:\USERS\MALLABORO\DROPBOX\THE ROAD\THE ROAD\DEBUG\SOURCERECTANGLE.OBJ
C:\USERS\MALLABORO\DROPBOX\THE ROAD\THE ROAD\DEBUG\TEXTURE2D.OBJ
C:\USERS\MALLABORO\DROPBOX\THE ROAD\THE ROAD\DEBUG\TEXTURESHADER.OBJ
C:\USERS\MALLABORO\DROPBOX\THE ROAD\THE ROAD\DEBUG\THE ROAD.EXE.EMBED.MANIFEST
C:\USERS\MALLABORO\DROPBOX\THE ROAD\THE ROAD\DEBUG\THE ROAD.EXE.EMBED.MANIFEST.RES
C:\USERS\MALLABORO\DROPBOX\THE ROAD\THE ROAD\DEBUG\THE ROAD.EXE.INTERMEDIATE.MANIFEST
C:\USERS\MALLABORO\DROPBOX\THE ROAD\THE ROAD\DEBUG\VC100.PDB
C:\USERS\MALLABORO\DROPBOX\THE ROAD\THE ROAD\DEBUG\VERTEXBUFFER2D.OBJ
C:\USERS\MALLABORO\DROPBOX\THE ROAD\THE ROAD\DEBUG\VGAMESCREEN.OBJ
C:\USERS\MALLABORO\DROPBOX\THE ROAD\THE ROAD\DEBUG\WINDOW.OBJ
